Virtual User Script started at : 4/6/2017 5:23:30 PM
Starting action vuser_init.
Web Turbo Replay of LoadRunner 12.53.0 for Windows 8.1; build 1203 (Apr 06 2017 19:13:20)  	[MsgId: MMSG-26983]
Run mode: HTML  	[MsgId: MMSG-26993]
Replay user agent: Mozilla/5.0 (compatible; MSIE 10.0; Windows NT 6.1; Trident/6.0)  	[MsgId: MMSG-26988]
Run-Time Settings file: "C:\Users\Kostyantyn\Documents\VuGen\Scripts\loadrunner\\default.cfg"  	[MsgId: MMSG-27141]
Ending action vuser_init.
Running Vuser...
Starting iteration 1.
Maximum number of concurrent connections per server: 6  	[MsgId: MMSG-26989]
Starting action Launch.
Ending action Launch.
Starting action Debug.
Moodle.c(8): web_cleanup_cookies started  	[MsgId: MMSG-26355]
Moodle.c(8): web_cleanup_cookies was successful  	[MsgId: MMSG-26392]
Moodle.c(9): web_cache_cleanup started  	[MsgId: MMSG-26355]
Moodle.c(9): web_cache_cleanup was successful  	[MsgId: MMSG-26392]
Moodle.c(10): web_set_sockets_option started  	[MsgId: MMSG-26355]
Moodle.c(10): web_set_sockets_option was successful  	[MsgId: MMSG-26392]
Moodle.c(652): Notify: Saving Parameter "MAX_ID = 207".
Moodle.c(653): Notify: Parameter Substitution: parameter "MAX_ID" =  "207"
Moodle.c(653): ##### Your output is: 207
Moodle.c(662): rows: 0
Moodle.c(680): Notify: Saving Parameter "COUNT_ROWS = 202".
Moodle.c(681): Notify: Parameter Substitution: parameter "COUNT_ROWS" =  "202"
Moodle.c(681): ##### Your output is: 202
Ending action Debug.
Ending iteration 1.
Ending Vuser...
Starting action vuser_end.
Ending action vuser_end.
Vuser Terminated.
Vuser 0 (thread 6236), ended OK."
